CRITICAL:root:Error al conectarse a la base de datos: connection to server at "crypto-gym-production.cjreo3vfmhsh.us-east-2.rds.amazonaws.com" (3.133.175.63), port 5432 failed: Connection timed out (0x0000274C/10060)
	Is the server running on that host and accepting TCP/IP connections?

CRITICAL:root:Error al conectarse a la base de datos: connection to server at "crypto-gym-production.cjreo3vfmhsh.us-east-2.rds.amazonaws.com" (3.133.175.63), port 5432 failed: Connection timed out (0x0000274C/10060)
	Is the server running on that host and accepting TCP/IP connections?

CRITICAL:root:Error al conectarse a la base de datos: connection to server at "crypto-gym-production.cjreo3vfmhsh.us-east-2.rds.amazonaws.com" (3.133.175.63), port 5432 failed: Connection timed out (0x0000274C/10060)
	Is the server running on that host and accepting TCP/IP connections?

CRITICAL:root:Error al conectarse a la base de datos: connection to server at "crypto-gym-production.cjreo3vfmhsh.us-east-2.rds.amazonaws.com" (3.133.175.63), port 5432 failed: Connection timed out (0x0000274C/10060)
	Is the server running on that host and accepting TCP/IP connections?

CRITICAL:root:Error al conectarse a la base de datos: connection to server at "crypto-gym-production.cjreo3vfmhsh.us-east-2.rds.amazonaws.com" (3.133.175.63), port 5432 failed: Connection timed out (0x0000274C/10060)
	Is the server running on that host and accepting TCP/IP connections?

CRITICAL:root:El servidor no está activo
CRITICAL:root:Error al verificar el espacio en disco: module 'os' has no attribute 'statvfs'
INFO:root:La base de datos está activa
INFO:root:La base de datos está activa
CRITICAL:root:El servidor no está activo
CRITICAL:root:Error al verificar el espacio en disco: module 'os' has no attribute 'statvfs'
INFO:root:La base de datos está activa
INFO:root:La base de datos está activa
CRITICAL:root:El servidor no está activo
CRITICAL:root:Error al verificar el espacio en disco: module 'os' has no attribute 'statvfs'
INFO:root:La base de datos está activa
INFO:root:La base de datos está activa
CRITICAL:root:El servidor no está activo
CRITICAL:root:Error al verificar el espacio en disco: module 'os' has no attribute 'statvfs'
INFO:root:La base de datos está activa
INFO:root:La base de datos está activa
CRITICAL:root:El servidor no está activo
CRITICAL:root:Error al verificar el espacio en disco: module 'os' has no attribute 'statvfs'
INFO:root:La base de datos está activa
INFO:root:La base de datos está activa
CRITICAL:root:El servidor no está activo
CRITICAL:root:Error al verificar el espacio en disco: module 'os' has no attribute 'statvfs'
INFO:root:La base de datos está activa
INFO:root:La base de datos está activa
CRITICAL:root:El servidor no está activo
CRITICAL:root:Error al verificar el espacio en disco: module 'os' has no attribute 'statvfs'
